2022-07-21 21:34:26,495 ThreadPoolExecutor started
2022-07-21 21:34:26,576 handle_settlement_type    started
2022-07-21 21:34:26,760 handle_settlement_type    : 0.18s
2022-07-21 21:34:26,760 handle_warehouse_type     started
2022-07-21 21:34:26,930 handle_warehouse_type     : 0.17s
2022-07-21 21:34:26,931 handle_area               started
2022-07-21 21:34:27,409 handle_area               : 0.48s
2022-07-21 21:34:27,409 handle_settlement         started
2022-07-21 21:34:36,382 handle_settlement         : 8.97s
2022-07-21 21:34:36,382 handle_warehouse          started
2022-07-21 21:37:21,054 handle_warehouse          : 164.67s
2022-07-21 21:37:21,067 handle_address            started
2022-07-21 21:40:39,454 handle_address            : 198.39s
2022-07-21 21:40:39,457 main                      : 372.96s
2022-07-21 21:44:55,395 main                      started
2022-07-21 21:44:55,395 ProcessPoolExecutor started
2022-07-21 21:44:55,571 handle_settlement_type    started
2022-07-21 21:44:56,502 handle_settlement_type    : 0.93s
2022-07-21 21:44:56,503 handle_warehouse_type     started
2022-07-21 21:44:57,556 handle_warehouse_type     : 1.05s
2022-07-21 21:44:57,556 handle_area               started
2022-07-21 21:44:59,432 handle_area               : 1.88s
2022-07-21 21:44:59,432 handle_settlement         started
2022-07-21 21:45:08,908 handle_settlement         : 9.48s
2022-07-21 21:45:08,909 handle_warehouse          started
2022-07-21 21:48:11,301 handle_warehouse          : 182.39s
2022-07-21 21:48:11,302 handle_address            started
2022-07-21 21:51:20,920 handle_address            : 189.62s
2022-07-21 21:51:20,920 main                      : 385.53s
